 # &SUB apertr  0.3                                                              
  output from Ecalc9 version 2 
  settings: 
    particle type:            0
    pzmin/pzmax:    0.0000000000000000      /   0.0000000000000000     
    transverse cuts:    0.0000000000000000        0.0000000000000000     
    longitudinal cut:    0.0000000000000000     
    RF frequency (MHz):    0.0000000000000000     
    sigma cut:    0.0000000000000000     
    subtract out amplitude correlation

regn #   Z           Bz          eperp       elong       e6D         Ldim        Pzavg       beta        alpha       betaL       alphaL      n0          n1          n2          Lcan(eVs)   sigmaE      sigmaT      corrE       corrT       sigmaE_c    xavg        yavg        Dx          Dy          Dr          Dr2
     1  0.0000E+00  0.0000E+00  0.2815E-03 -0.9980E+03 -0.9980E+03 -0.9163E+00  0.9874E-01  0.2004E-01 -0.3202E-02  0.0000E+00  0.0000E+00  0.1000E+04  0.1000E+04  0.1000E+04 -0.1818E-02  0.9967E-03  0.0000E+00  0.0000E+00  0.0000E+00  0.9967E-03  0.5530E-04  0.4705E-04  0.3023E-01 -0.2500E-01 -0.8176E-02  0.7252E-04
     4  0.2000E-01  0.0000E+00  0.2785E-03  0.4315E-05  0.5533E-12 -0.1004E+01  0.9739E-01  0.2200E-01 -0.7834E-01  0.3796E-01 -0.2299E+00  0.1000E+04  0.1000E+04  0.1000E+04 -0.1971E-02  0.1016E-02  0.2612E-11  0.8687E+00  0.2020E-08  0.7522E-03  0.2782E-04  0.6104E-04 -0.1866E-01 -0.4188E-01  0.1413E+00  0.1228E-02
     6  0.3000E-01  0.0000E+00  0.2767E-03  0.6614E-05  0.8314E-12 -0.1056E+01  0.9670E-01  0.2311E-01 -0.3215E-01  0.5590E-01 -0.2407E+00  0.1000E+04  0.1000E+04  0.1000E+04 -0.2059E-02  0.1021E-02  0.3941E-11  0.8684E+00  0.3051E-08  0.7636E-03  0.3754E-04  0.7925E-04 -0.3031E-01 -0.1649E-01  0.2167E+00  0.2005E-02
     8  0.4000E-01  0.0000E+00  0.2762E-03  0.9070E-05  0.1131E-11 -0.1050E+01  0.9600E-01  0.2297E-01  0.3629E-01  0.7289E-01 -0.2573E+00  0.1000E+04  0.1000E+04  0.1000E+04 -0.2045E-02  0.1034E-02  0.5280E-11  0.8737E+00  0.4063E-08  0.7801E-03  0.5795E-04  0.8296E-04 -0.1720E-01  0.6351E-02  0.2071E+00  0.1993E-02
    10  0.5000E-01  0.0000E+00  0.2743E-03  0.1160E-04  0.1418E-11 -0.9938E+00  0.9530E-01  0.2177E-01  0.8759E-01  0.8889E-01 -0.2771E+00  0.1000E+04  0.1000E+04  0.1000E+04 -0.1922E-02  0.1042E-02  0.6626E-11  0.8744E+00  0.5132E-08  0.7966E-03  0.7521E-04  0.6744E-04  0.8778E-02  0.8622E-02  0.1198E+00  0.1217E-02
    12  0.6000E-01  0.0000E+00  0.2722E-03  0.1428E-04  0.1693E-11 -0.9140E+00  0.9459E-01  0.2007E-01  0.8149E-01  0.1041E+00 -0.2846E+00  0.1000E+04  0.1000E+04  0.1000E+04 -0.1754E-02  0.1045E-02  0.7982E-11  0.8605E+00  0.6167E-08  0.8121E-03  0.7027E-04  0.4490E-04  0.2417E-01 -0.1497E-01  0.1706E-01  0.2923E-03
    14  0.7000E-01  0.0000E+00  0.2714E-03  0.1698E-04  0.1995E-11 -0.8545E+00  0.9389E-01  0.1892E-01  0.1613E-01  0.1189E+00 -0.3040E+00  0.1000E+04  0.1000E+04  0.1000E+04 -0.1634E-02  0.1053E-02  0.9350E-11  0.8584E+00  0.7210E-08  0.8261E-03  0.4903E-04  0.3961E-04  0.1239E-01 -0.4081E-01 -0.1539E-01 -0.1557E-04
    16  0.8000E-01  0.0000E+00  0.2693E-03  0.1999E-04  0.2276E-11 -0.8746E+00  0.9318E-01  0.1932E-01 -0.6255E-01  0.1330E+00 -0.3068E+00  0.1000E+04  0.1000E+04  0.1000E+04 -0.1660E-02  0.1060E-02  0.1072E-10  0.8565E+00  0.8211E-08  0.8414E-03  0.3398E-04  0.5675E-04 -0.1454E-01 -0.4402E-01  0.5884E-01  0.5190E-03
    18  0.9000E-01  0.0000E+00  0.2671E-03  0.2292E-04  0.2557E-11 -0.9515E+00  0.9245E-01  0.2091E-01 -0.9398E-01  0.1459E+00 -0.3214E+00  0.1000E+04  0.1000E+04  0.1000E+04 -0.1792E-02  0.1069E-02  0.1209E-10  0.8554E+00  0.9262E-08  0.8567E-03  0.4323E-04  0.7697E-04 -0.3093E-01 -0.2017E-01  0.1565E+00  0.1389E-02
    20  0.1000E+00  0.0000E+00  0.2652E-03  0.2594E-04  0.2852E-11 -0.1022E+01  0.9171E-01  0.2235E-01 -0.4196E-01  0.1585E+00 -0.3457E+00  0.1000E+04  0.1000E+04  0.1000E+04 -0.1911E-02  0.1081E-02  0.1347E-10  0.8591E+00  0.1035E-07  0.8735E-03  0.6510E-04  0.7821E-04 -0.2119E-01  0.3977E-02  0.1882E+00  0.1774E-02
    22  0.1100E+00  0.0000E+00  0.2642E-03  0.2903E-04  0.3160E-11 -0.1015E+01  0.9096E-01  0.2221E-01  0.5557E-01  0.1709E+00 -0.3580E+00  0.1000E+04  0.1000E+04  0.1000E+04 -0.1891E-02  0.1089E-02  0.1487E-10  0.8595E+00  0.1137E-07  0.8854E-03  0.7698E-04  0.5882E-04  0.2359E-02  0.8437E-02  0.1376E+00  0.1346E-02
    24  0.1200E+00  0.0000E+00  0.2626E-03  0.3256E-04  0.3466E-11 -0.9255E+00  0.9020E-01  0.2040E-01  0.1164E+00  0.1814E+00 -0.3684E+00  0.1000E+04  0.1000E+04  0.1000E+04 -0.1713E-02  0.1101E-02  0.1629E-10  0.8568E+00  0.1242E-07  0.9050E-03  0.6491E-04  0.3636E-04  0.1779E-01 -0.9170E-02  0.4521E-01  0.4847E-03
    26  0.1300E+00  0.0000E+00  0.2608E-03  0.3593E-04  0.3757E-11 -0.8195E+00  0.8943E-01  0.1827E-01  0.7976E-01  0.1925E+00 -0.3855E+00  0.1000E+04  0.1000E+04  0.1000E+04 -0.1506E-02  0.1110E-02  0.1772E-10  0.8523E+00  0.1346E-07  0.9196E-03  0.4130E-04  0.3439E-04  0.1074E-01 -0.2717E-01 -0.1279E-01 -0.2704E-04
    28  0.1400E+00  0.0000E+00  0.2595E-03  0.3947E-04  0.4064E-11 -0.7864E+00  0.8864E-01  0.1758E-01 -0.3076E-01  0.2006E+00 -0.4012E+00  0.1000E+04  0.1000E+04  0.1000E+04 -0.1438E-02  0.1118E-02  0.1918E-10  0.8361E+00  0.1473E-07  0.9399E-03  0.2574E-04  0.5695E-04 -0.1036E-01 -0.2932E-01  0.2007E-01  0.2231E-03
    30  0.1500E+00  0.0000E+00  0.2579E-03  0.4309E-04  0.4376E-11 -0.8644E+00  0.8783E-01  0.1904E-01 -0.1158E+00  0.2102E+00 -0.4155E+00  0.1000E+04  0.1000E+04  0.1000E+04 -0.1572E-02  0.1130E-02  0.2069E-10  0.8386E+00  0.1592E-07  0.9547E-03  0.3618E-04  0.8407E-04 -0.2124E-01 -0.1361E-01  0.1119E+00  0.9641E-03
    32  0.1600E+00  0.0000E+00  0.2553E-03  0.4675E-04  0.4644E-11 -0.9805E+00  0.8704E-01  0.2128E-01 -0.8865E-01  0.2199E+00 -0.4329E+00  0.1000E+04  0.1000E+04  0.1000E+04 -0.1765E-02  0.1139E-02  0.2221E-10  0.8420E+00  0.1722E-07  0.9687E-03  0.6201E-04  0.8644E-04 -0.1231E-01  0.2783E-02  0.1563E+00  0.1434E-02
    34  0.1700E+00  0.0000E+00  0.2535E-03  0.5047E-04  0.4950E-11 -0.1015E+01  0.8623E-01  0.2189E-01  0.3543E-01  0.2291E+00 -0.4567E+00  0.1000E+04  0.1000E+04  0.1000E+04 -0.1814E-02  0.1151E-02  0.2375E-10  0.8463E+00  0.1850E-07  0.9847E-03  0.7801E-04  0.6460E-04  0.7203E-02  0.1451E-02  0.1226E+00  0.1186E-02
    36  0.1800E+00  0.0000E+00  0.2520E-03  0.5456E-04  0.5262E-11 -0.9151E+00  0.8541E-01  0.2004E-01  0.1359E+00  0.2386E+00 -0.4711E+00  0.1000E+04  0.1000E+04  0.1000E+04 -0.1625E-02  0.1163E-02  0.2530E-10  0.8521E+00  0.1955E-07  0.9983E-03  0.6470E-04  0.3790E-04  0.1212E-01 -0.1373E-01  0.4616E-01  0.4750E-03
    38  0.1900E+00  0.0000E+00  0.2496E-03  0.5857E-04  0.5510E-11 -0.7758E+00  0.8456E-01  0.1739E-01  0.1074E+00  0.2464E+00 -0.4882E+00  0.1000E+04  0.1000E+04  0.1000E+04 -0.1365E-02  0.1169E-02  0.2687E-10  0.8410E+00  0.2080E-07  0.1013E-02  0.3697E-04  0.3975E-04  0.3274E-02 -0.2592E-01 -0.5918E-02  0.1713E-04
    40  0.2000E+00  0.0000E+00  0.2473E-03  0.6298E-04  0.5776E-11 -0.7237E+00  0.8371E-01  0.1640E-01 -0.2399E-01  0.2532E+00 -0.5045E+00  0.1000E+04  0.1000E+04  0.1000E+04 -0.1261E-02  0.1180E-02  0.2847E-10  0.8321E+00  0.2206E-07  0.1032E-02  0.2456E-04  0.6086E-04 -0.9780E-02 -0.2281E-01  0.2167E-01  0.2166E-03
    42  0.2100E+00  0.0000E+00  0.2449E-03  0.6799E-04  0.6060E-11 -0.8126E+00  0.8285E-01  0.1805E-01 -0.1329E+00  0.2580E+00 -0.5159E+00  0.1000E+04  0.1000E+04  0.1000E+04 -0.1403E-02  0.1196E-02  0.3009E-10  0.8276E+00  0.2327E-07  0.1055E-02  0.3298E-04  0.7746E-04 -0.1160E-01 -0.1008E-01  0.9366E-01  0.7751E-03
    44  0.2200E+00  0.0000E+00  0.2427E-03  0.7246E-04  0.6353E-11 -0.9484E+00  0.8196E-01  0.2054E-01 -0.9576E-01  0.2639E+00 -0.5403E+00  0.1000E+04  0.1000E+04  0.1000E+04 -0.1623E-02  0.1212E-02  0.3173E-10  0.8292E+00  0.2456E-07  0.1074E-02  0.5283E-04  0.8394E-04 -0.2660E-02 -0.4081E-02  0.1224E+00  0.1095E-02
    46  0.2300E+00  0.0000E+00  0.2409E-03  0.7694E-04  0.6636E-11 -0.9764E+00  0.8106E-01  0.2103E-01  0.5028E-01  0.2699E+00 -0.5659E+00  0.1000E+04  0.1000E+04  0.1000E+04 -0.1659E-02  0.1224E-02  0.3341E-10  0.8231E+00  0.2601E-07  0.1093E-02  0.6533E-04  0.7188E-04  0.3180E-02 -0.9515E-02  0.8742E-01  0.8411E-03
    48  0.2400E+00  0.0000E+00  0.2392E-03  0.8133E-04  0.6947E-11 -0.8453E+00  0.8015E-01  0.1869E-01  0.1590E+00  0.2769E+00 -0.5969E+00  0.1000E+04  0.1000E+04  0.1000E+04 -0.1425E-02  0.1239E-02  0.3514E-10  0.8278E+00  0.2730E-07  0.1110E-02  0.5851E-04  0.5201E-04  0.5566E-03 -0.1469E-01  0.2749E-01  0.3162E-03
    50  0.2500E+00  0.0000E+00  0.2359E-03  0.8706E-04  0.7203E-11 -0.6917E+00  0.7921E-01  0.1593E-01  0.9382E-01  0.2798E+00 -0.6144E+00  0.1000E+04  0.1000E+04  0.1000E+04 -0.1150E-02  0.1262E-02  0.3691E-10  0.8316E+00  0.2868E-07  0.1136E-02  0.3139E-04  0.4619E-04 -0.6013E-02 -0.1283E-01  0.3448E-02  0.8064E-04
    52  0.2600E+00  0.0000E+00  0.2338E-03  0.9242E-04  0.7531E-11 -0.6736E+00  0.7825E-01  0.1559E-01 -0.7029E-01  0.2847E+00 -0.6444E+00  0.1000E+04  0.1000E+04  0.1000E+04 -0.1110E-02  0.1285E-02  0.3872E-10  0.8422E+00  0.2984E-07  0.1160E-02  0.1295E-04  0.7326E-04 -0.6764E-02 -0.6199E-02  0.4113E-01  0.3457E-03
    54  0.2700E+00  0.0000E+00  0.2314E-03  0.9701E-04  0.7787E-11 -0.8157E+00  0.7727E-01  0.1801E-01 -0.1510E+00  0.2908E+00 -0.6785E+00  0.1000E+04  0.1000E+04  0.1000E+04 -0.1332E-02  0.1300E-02  0.4060E-10  0.8460E+00  0.3130E-07  0.1177E-02  0.3409E-04  0.1078E-03 -0.3130E-02 -0.2812E-02  0.8482E-01  0.7512E-03
    56  0.2800E+00  0.0000E+00  0.2297E-03  0.1028E-03  0.8100E-11 -0.9406E+00  0.7626E-01  0.2009E-01 -0.4357E-01  0.2948E+00 -0.6998E+00  0.1000E+04  0.1000E+04  0.1000E+04 -0.1525E-02  0.1316E-02  0.4255E-10  0.8372E+00  0.3242E-07  0.1198E-02  0.7698E-04  0.9883E-04  0.6108E-03 -0.5148E-02  0.8398E-01  0.8255E-03
    58  0.2900E+00  0.0000E+00  0.2271E-03  0.1084E-03  0.8352E-11 -0.8826E+00  0.7526E-01  0.1916E-01  0.1244E+00  0.2983E+00 -0.7287E+00  0.1000E+04  0.1000E+04  0.1000E+04 -0.1413E-02  0.1333E-02  0.4457E-10  0.8305E+00  0.3409E-07  0.1220E-02  0.8120E-04  0.4870E-04 -0.1777E-02 -0.8248E-02  0.4844E-01  0.5041E-03
    60  0.3000E+00  0.0000E+00  0.2252E-03  0.1145E-03  0.8679E-11 -0.6914E+00  0.7422E-01  0.1604E-01  0.1435E+00  0.3016E+00 -0.7531E+00  0.1000E+04  0.1000E+04  0.1000E+04 -0.1097E-02  0.1353E-02  0.4665E-10  0.8354E+00  0.3546E-07  0.1242E-02  0.3807E-04  0.2948E-04 -0.5200E-02 -0.5886E-02  0.2001E-01  0.2001E-03
    62  0.3100E+00  0.0000E+00  0.2224E-03  0.1211E-03  0.8964E-11 -0.6046E+00  0.7315E-01  0.1462E-01 -0.1526E-01  0.3040E+00 -0.7816E+00  0.1000E+04  0.1000E+04  0.1000E+04 -0.9475E-03  0.1379E-02  0.4881E-10  0.8461E+00  0.3676E-07  0.1268E-02  0.1168E-04  0.6668E-04 -0.4581E-02 -0.2240E-02  0.2651E-01  0.2268E-03
    64  0.3200E+00  0.0000E+00  0.2196E-03  0.1281E-03  0.9242E-11 -0.7168E+00  0.7205E-01  0.1638E-01 -0.1395E+00  0.3056E+00 -0.8099E+00  0.1000E+04  0.1000E+04  0.1000E+04 -0.1110E-02  0.1404E-02  0.5106E-10  0.8546E+00  0.3844E-07  0.1295E-02  0.4128E-04  0.1000E-03 -0.1241E-02 -0.1538E-02  0.5340E-01  0.4653E-03
    66  0.3300E+00  0.0000E+00  0.2165E-03  0.1353E-03  0.9490E-11 -0.8603E+00  0.7093E-01  0.1868E-01 -0.6880E-01  0.3084E+00 -0.8426E+00  0.1000E+04  0.1000E+04  0.1000E+04 -0.1314E-02  0.1430E-02  0.5338E-10  0.8718E+00  0.3986E-07  0.1322E-02  0.7663E-04  0.8111E-04  0.2062E-02 -0.2481E-02  0.6306E-01  0.5753E-03
    68  0.3400E+00  0.0000E+00  0.2138E-03  0.1421E-03  0.9731E-11 -0.8291E+00  0.6976E-01  0.1818E-01  0.1013E+00  0.3118E+00 -0.8889E+00  0.1000E+04  0.1000E+04  0.1000E+04 -0.1250E-02  0.1458E-02  0.5577E-10  0.8841E+00  0.4127E-07  0.1351E-02  0.6995E-04  0.4775E-04  0.3656E-02 -0.7358E-02  0.4776E-01  0.4587E-03
    70  0.3500E+00  0.0000E+00  0.2114E-03  0.1509E-03  0.1010E-10 -0.6489E+00  0.6856E-01  0.1541E-01  0.1304E+00  0.3087E+00 -0.9194E+00  0.1000E+04  0.1000E+04  0.1000E+04 -0.9667E-03  0.1495E-02  0.5828E-10  0.8961E+00  0.4335E-07  0.1391E-02  0.3971E-04  0.3804E-04 -0.2821E-02 -0.1023E-01  0.2963E-01  0.2778E-03
    72  0.3600E+00  0.0000E+00  0.2078E-03  0.1600E-03  0.1028E-10 -0.5655E+00  0.6732E-01  0.1419E-01 -0.1166E-01  0.3102E+00 -0.9533E+00  0.1000E+04  0.1000E+04  0.1000E+04 -0.8282E-03  0.1526E-02  0.6089E-10  0.9222E+00  0.4423E-07  0.1422E-02  0.1164E-04  0.6070E-04 -0.7133E-02 -0.3091E-02  0.2477E-01  0.2138E-03
    74  0.3700E+00  0.0000E+00  0.2048E-03  0.1701E-03  0.1061E-10 -0.6637E+00  0.6602E-01  0.1562E-01 -0.1148E+00  0.3062E+00 -0.9941E+00  0.1000E+04  0.1000E+04  0.1000E+04 -0.9593E-03  0.1573E-02  0.6364E-10  0.9356E+00  0.4600E-07  0.1471E-02  0.2994E-04  0.1053E-03  0.4968E-03  0.2263E-02  0.3666E-01  0.3229E-03
    76  0.3800E+00  0.0000E+00  0.2021E-03  0.1804E-03  0.1092E-10 -0.7716E+00  0.6467E-01  0.1713E-01 -0.3662E-01  0.3055E+00 -0.1045E+01  0.1000E+04  0.1000E+04  0.1000E+04 -0.1101E-02  0.1619E-02  0.6659E-10  0.9625E+00  0.4695E-07  0.1517E-02  0.8697E-04  0.9509E-04  0.7128E-02 -0.5311E-02  0.4377E-01  0.4165E-03
    78  0.3900E+00  0.0000E+00  0.1987E-03  0.1931E-03  0.1124E-10 -0.7181E+00  0.6326E-01  0.1635E-01  0.9306E-01  0.3014E+00 -0.1088E+01  0.1000E+04  0.1000E+04  0.1000E+04 -0.1006E-02  0.1674E-02  0.6975E-10  0.1000E+01  0.4799E-07  0.1571E-02  0.8518E-04  0.2990E-04 -0.1026E-02 -0.1130E-01  0.3666E-01  0.3345E-03
    80  0.4000E+00  0.0000E+00  0.1944E-03  0.3326E-03  0.2590E-10 -0.5714E+00  0.6175E-01  0.1429E-01  0.8399E-01  0.2149E+00 -0.5240E+00  0.1000E+04  0.1000E+04  0.1000E+04 -0.7825E-03  0.3459E-02  0.7320E-10 -0.3494E+00  0.4369E-09  0.1810E-02  0.1273E-04  0.2925E-04 -0.4900E-03  0.1390E-03  0.7439E-02  0.6241E-04
    82  0.4100E+00  0.0000E+00  0.1906E-03  0.3539E-03  0.2621E-10 -0.5417E+00  0.6020E-01  0.1387E-01 -0.4673E-01  0.2095E+00 -0.5762E+00  0.1000E+04  0.1000E+04  0.1000E+04 -0.7291E-03  0.3483E-02  0.7695E-10 -0.3440E+00  0.4315E-09  0.1873E-02  0.1789E-04  0.1098E-03 -0.3471E-03  0.4030E-03  0.8370E-02  0.7415E-04
    84  0.4200E+00  0.0000E+00  0.1868E-03  0.3746E-03  0.2645E-10 -0.6494E+00  0.5854E-01  0.1531E-01 -0.7626E-01  0.2050E+00 -0.6397E+00  0.1000E+04  0.1000E+04  0.1000E+04 -0.8576E-03  0.3512E-02  0.8110E-10 -0.3091E+00  0.3829E-09  0.1935E-02  0.9807E-04  0.1045E-03 -0.6855E-03  0.3322E-04  0.9237E-02  0.8636E-04
    86  0.4300E+00  0.0000E+00  0.1822E-03  0.4025E-03  0.2665E-10 -0.6610E+00  0.5679E-01  0.1543E-01  0.4444E-01  0.1980E+00 -0.7025E+00  0.1000E+04  0.1000E+04  0.1000E+04 -0.8498E-03  0.3552E-02  0.8587E-10 -0.3013E+00  0.3839E-09  0.2021E-02  0.9864E-04  0.2670E-04 -0.2688E-02 -0.5895E-04  0.8050E-02  0.7156E-04
    88  0.4400E+00  0.0000E+00  0.1772E-03  0.4375E-03  0.2693E-10 -0.5442E+00  0.5489E-01  0.1390E-01  0.7317E-01  0.1896E+00 -0.7774E+00  0.1000E+04  0.1000E+04  0.1000E+04 -0.6794E-03  0.3608E-02  0.9154E-10 -0.3174E+00  0.4349E-09  0.2136E-02  0.3148E-04  0.9649E-05 -0.1835E-02  0.3040E-02  0.6494E-02  0.5258E-04
    90  0.4500E+00  0.0000E+00  0.1716E-03  0.4388E-03  0.2484E-10 -0.4935E+00  0.5288E-01  0.1331E-01 -0.9830E-02  0.1662E+00 -0.8074E+00  0.9980E+03  0.9980E+03  0.9980E+03 -0.5977E-03  0.3642E-02  0.9007E-10 -0.3323E+00  0.4919E-09  0.2209E-02  0.1769E-04  0.8966E-04 -0.6496E-03 -0.3516E-03  0.8410E-02  0.6730E-04
    92  0.4600E+00  0.0000E+00  0.1646E-03  0.4828E-03  0.2458E-10 -0.5349E+00  0.5063E-01  0.1386E-01 -0.4203E-01  0.1570E+00 -0.9166E+00  0.9980E+03  0.9980E+03  0.9980E+03 -0.6219E-03  0.3733E-02  0.9717E-10 -0.3188E+00  0.4642E-09  0.2378E-02  0.9246E-04  0.7666E-04 -0.2859E-02  0.2958E-02  0.7125E-02  0.6237E-04
    94  0.4700E+00  0.0000E+00  0.1575E-03  0.5019E-03  0.2306E-10 -0.5418E+00  0.4824E-01  0.1400E-01  0.2573E-01  0.1393E+00 -0.9651E+00  0.9930E+03  0.9930E+03  0.9930E+03 -0.6010E-03  0.3791E-02  0.9948E-10 -0.3019E+00  0.4390E-09  0.2473E-02  0.6967E-04  0.4778E-04  0.1362E-02  0.5708E-04  0.1065E-01  0.8014E-04
    96  0.4800E+00  0.0000E+00  0.1492E-03  0.5461E-03  0.2220E-10 -0.4407E+00  0.4543E-01  0.1294E-01  0.4265E-01  0.1250E+00 -0.1070E+01  0.9870E+03  0.9870E+03  0.9870E+03 -0.4636E-03  0.3898E-02  0.1064E-09 -0.2921E+00  0.3934E-09  0.2649E-02  0.7878E-04  0.5829E-04 -0.4066E-02  0.4749E-03  0.8621E-02  0.6845E-04
    98  0.4900E+00  0.0000E+00  0.1397E-03  0.5742E-03  0.2020E-10 -0.4040E+00  0.4226E-01  0.1265E-01 -0.2619E-02  0.1034E+00 -0.1183E+01  0.9700E+03  0.9700E+03  0.9700E+03 -0.3975E-03  0.4045E-02  0.1095E-09 -0.3024E+00  0.3579E-09  0.2865E-02  0.4713E-04  0.6076E-04 -0.1033E-03  0.2068E-02  0.7790E-02  0.6002E-04
   100  0.5000E+00  0.0000E+00  0.1318E-03  0.5523E-03  0.1740E-10 -0.4191E+00  0.3921E-01  0.1292E-01 -0.2187E-01  0.7885E-01 -0.1196E+01  0.9140E+03  0.9140E+03  0.9140E+03 -0.3897E-03  0.4133E-02  0.1039E-09 -0.2993E+00  0.3523E-09  0.2921E-02  0.6331E-04  0.5978E-04 -0.2409E-02  0.2423E-02  0.9358E-02  0.6891E-04
